('Date: ', 'Mon Sep 24 02:25:02 2018')
(0, 3)
(1, 3)
(2, 3)
(3, 3)
(4, 3)
(5, 3)
(6, 3)
typeTop == 3 && passJetSel && m_bWj1Wj2 > 75 && m_bWj1Wj2 < 275 && m_Wj1Wj2 < 150 && btagDisc_Wj1 < btagDisc_b && btagDisc_Wj2 < btagDisc_b
['btagDisc_b', 'btagDisc_Wj1', 'btagDisc_Wj2', 'qg_Wj1', 'qg_Wj2', 'm_Wj1Wj2_div_m_bWj1Wj2', 'pT_Wj1Wj2', 'dR_Wj1Wj2', 'm_bWj1Wj2', 'dR_bW', 'm_bWj1', 'm_bWj2', 'mass_Wj1', 'pT_Wj2', 'mass_Wj2', 'pT_b', 'mass_b', 'kinFit_pT_b_o_pT_b', 'kinFit_pT_Wj2_o_pT_Wj2', 'nllKinFit']
('Date: ', 'Mon Sep 24 02:36:56 2018')
data loaded
('Date: ', 'Mon Sep 24 02:37:11 2018')
('nev sig', 915649, ' nev total ', 1896241)
('len sig/BKG : ', 1070794, 29433904)
(6, 'Doing more branches: ', 'Mon Sep 24 02:37:22 2018')
(6, 'read one file: ', '/hdfs/local/acaan/ttHAnalysis/2017/HTT_wBoost_2018Sep13/histograms/hadTopTagger/TTZJets_LO/TTZJets_LO_1.root')
(6, 'Throw away BKG: ', 'Mon Sep 24 02:37:22 2018')
0.96
Mon Sep 24 02:37:22 2018
(6, 'len sig/BKG after reduction: ', 1070794, 1177357)
['btagDisc_b', 'btagDisc_Wj1', 'btagDisc_Wj2', 'qg_Wj1', 'qg_Wj2', 'm_Wj1Wj2_div_m_bWj1Wj2', 'pT_Wj1Wj2', 'dR_Wj1Wj2', 'm_bWj1Wj2', 'dR_bW', 'm_bWj1', 'm_bWj2', 'mass_Wj1', 'pT_Wj2', 'mass_Wj2', 'pT_b', 'mass_b', 'kinFit_pT_b_o_pT_b', 'kinFit_pT_Wj2_o_pT_Wj2', 'nllKinFit']
('Date: ', 'Mon Sep 24 02:53:21 2018')
data loaded
('Date: ', 'Mon Sep 24 02:53:44 2018')
('nev sig', 958132, ' nev total ', 1983064)
('len sig/BKG : ', 1135509, 44769816)
(6, 'Doing more branches: ', 'Mon Sep 24 02:54:00 2018')
(6, 'read one file: ', '/hdfs/local/acaan/ttHAnalysis/2017/HTT_wBoost_2018Sep13/histograms/hadTopTagger/ttHToNonbb_M125_powheg/ttHToNonbb_M125_powheg_1.root')
(6, 'Throw away BKG: ', 'Mon Sep 24 02:54:00 2018')
0.96
Mon Sep 24 02:54:00 2018
(6, 'len sig/BKG after reduction: ', 1135509, 1790793)
['btagDisc_b', 'btagDisc_Wj1', 'btagDisc_Wj2', 'qg_Wj1', 'qg_Wj2', 'm_Wj1Wj2_div_m_bWj1Wj2', 'pT_Wj1Wj2', 'dR_Wj1Wj2', 'm_bWj1Wj2', 'dR_bW', 'm_bWj1', 'm_bWj2', 'mass_Wj1', 'pT_Wj2', 'mass_Wj2', 'pT_b', 'mass_b', 'kinFit_pT_b_o_pT_b', 'kinFit_pT_Wj2_o_pT_Wj2', 'nllKinFit']
('Date: ', 'Mon Sep 24 03:06:50 2018')
data loaded
('Date: ', 'Mon Sep 24 03:07:05 2018')
('nev sig', 1420039, ' nev total ', 2404701)
('len sig/BKG : ', 1748585, 27625726)
(6, 'Doing more branches: ', 'Mon Sep 24 03:07:16 2018')
(6, 'read one file: ', '/hdfs/local/acaan/ttHAnalysis/2017/HTT_wBoost_2018Sep13/histograms/hadTopTagger/TTToHadronic/TTToHadronic_5.root')
(6, 'Throw away BKG: ', 'Mon Sep 24 03:07:16 2018')
0.96
Mon Sep 24 03:07:16 2018
(6, 'len sig/BKG after reduction: ', 1748585, 1105030)
('Date: ', 'Mon Sep 24 03:07:52 2018')
Total
('total_evt', 6284006)
('total_sig_evt', 3293820)
('total_bkg_entries', 101829446)
('total_sig_entries', 3954888)
('total_bkg_entries_reduced', 4073180)
length of sig, bkg without NaN:  1105030 1748585
('Date: ', 'Mon Sep 24 03:07:53 2018', 'balance datasets')
('sum weights sig/BKG', 500000.00001024106, 499999.9999849919)
('len sig (gen pt > 200)', 118943)
('len sig/BKG (fattag)', 0, 2853615)
('len sig/BKG (target)', 1748585, 1105030)
('sum weights sig/BKG', 500000.00001024106, 499999.9999849919)
('HadTopTagger_2017_boosted_final/cat_3_nvar_20_ak12_signal_corr_sel_6.pdf', 'saved')
('HadTopTagger_2017_boosted_final/cat_3_nvar_20_ak12_BKG_corr_sel_6.pdf', 'saved')
['btagDisc_b', 'btagDisc_Wj1', 'btagDisc_Wj2', 'qg_Wj1', 'qg_Wj2', 'm_Wj1Wj2_div_m_bWj1Wj2', 'pT_Wj1Wj2', 'dR_Wj1Wj2', 'm_bWj1Wj2', 'dR_bW', 'm_bWj1', 'm_bWj2', 'mass_Wj1', 'pT_Wj2', 'mass_Wj2', 'pT_b', 'mass_b', 'kinFit_pT_b_o_pT_b', 'kinFit_pT_Wj2_o_pT_Wj2', 'nllKinFit']
('opt being saved on ', 'HadTopTagger_2017_boosted_final/btagHighest_ntrees_2500_deph_4_lr_0o010_20_sel_6_cat_3_roc.log')
['btagDisc_b', 'btagDisc_Wj1', 'btagDisc_Wj2', 'qg_Wj1', 'qg_Wj2', 'm_Wj1Wj2_div_m_bWj1Wj2', 'pT_Wj1Wj2', 'dR_Wj1Wj2', 'm_bWj1Wj2', 'dR_bW', 'm_bWj1', 'm_bWj2', 'mass_Wj1', 'pT_Wj2', 'mass_Wj2', 'pT_b', 'mass_b', 'kinFit_pT_b_o_pT_b', 'kinFit_pT_Wj2_o_pT_Wj2', 'nllKinFit']
XGBoost trained
[[ 0.32446289  0.06292725  0.1541748  ...,  1.459023    0.31909215
   5.70885849]
 [ 0.79785156  0.03234863 -2.         ...,  1.35875511  0.96698701
   0.41135731]
 [ 0.64111328  0.01396942  0.31542969 ...,  1.08397663  0.81734443
   0.56341606]
 ..., 
 [ 0.96289062  0.02326965  0.5625     ...,  0.88166755  1.37420797
   2.40123606]
 [ 0.98242188  0.02529907  0.01530457 ...,  1.27798879  1.04497552
   0.35464323]
 [ 0.94873047  0.01654053  0.01998901 ...,  0.79786974  0.66531748
   4.25395775]]
XGBoost train set auc - 0.902297740078
XGBoost test set auc - 0.898658474109
nvar = 20
('Date: ', 'Mon Sep 24 03:47:01 2018')
('Output pkl ', 'Mon Sep 24 03:47:01 2018')
saved HadTopTagger_2017_boosted_final/HTT_HadTopTagger_2017_boosted_final_XGB_ntrees_2500_deph_4_lr_0o010_btagHighest_nvar20_cat_3_withKinFit.pkl
starting xml conversion
