('Date: ', 'Thu Sep 27 05:19:51 2018')
(0, 3)
(1, 3)
(2, 3)
(3, 3)
(4, 3)
(5, 3)
(6, 3)
(7, 3)
(8, 3)
typeTop == 3 && passJetSel && m_Wj1Wj2 < 150 && btagDisc_Wj1 < btagDisc_b && btagDisc_Wj2 < btagDisc_b
['btagDisc_b', 'btagDisc_Wj1', 'btagDisc_Wj2', 'qg_Wj1', 'qg_Wj2', 'm_Wj1Wj2_div_m_bWj1Wj2', 'pT_Wj1Wj2', 'dR_Wj1Wj2', 'm_bWj1Wj2', 'dR_bW', 'm_bWj1', 'm_bWj2', 'mass_Wj1', 'pT_Wj2', 'mass_Wj2', 'pT_b', 'mass_b', 'kinFit_pT_b_o_pT_b', 'kinFit_pT_Wj2_o_pT_Wj2', 'nllKinFit']
('Date: ', 'Thu Sep 27 05:32:20 2018')
data loaded
('Date: ', 'Thu Sep 27 05:32:40 2018')
('nev sig', 930403, ' nev total ', 1956004)
('len sig/BKG : ', 1093269, 37779366)
(8, 'Doing more branches: ', 'Thu Sep 27 05:32:54 2018')
(8, 'read one file: ', '/hdfs/local/acaan/ttHAnalysis/2017/HTT_wBoost_2018Sep13/histograms/hadTopTagger/TTZJets_LO/TTZJets_LO_1.root')
(8, 'Throw away BKG: ', 'Thu Sep 27 05:32:54 2018')
0.96
Thu Sep 27 05:32:54 2018
(8, 'len sig/BKG after reduction: ', 1093269, 1511175)
['btagDisc_b', 'btagDisc_Wj1', 'btagDisc_Wj2', 'qg_Wj1', 'qg_Wj2', 'm_Wj1Wj2_div_m_bWj1Wj2', 'pT_Wj1Wj2', 'dR_Wj1Wj2', 'm_bWj1Wj2', 'dR_bW', 'm_bWj1', 'm_bWj2', 'mass_Wj1', 'pT_Wj2', 'mass_Wj2', 'pT_b', 'mass_b', 'kinFit_pT_b_o_pT_b', 'kinFit_pT_Wj2_o_pT_Wj2', 'nllKinFit']
('Date: ', 'Thu Sep 27 05:51:04 2018')
data loaded
('Date: ', 'Thu Sep 27 05:51:36 2018')
('nev sig', 977771, ' nev total ', 2016009)
('len sig/BKG : ', 1166373, 56091538)
(8, 'Doing more branches: ', 'Thu Sep 27 05:52:00 2018')
(8, 'read one file: ', '/hdfs/local/acaan/ttHAnalysis/2017/HTT_wBoost_2018Sep13/histograms/hadTopTagger/ttHToNonbb_M125_powheg/ttHToNonbb_M125_powheg_1.root')
(8, 'Throw away BKG: ', 'Thu Sep 27 05:52:00 2018')
0.96
Thu Sep 27 05:52:00 2018
(8, 'len sig/BKG after reduction: ', 1166373, 2243662)
['btagDisc_b', 'btagDisc_Wj1', 'btagDisc_Wj2', 'qg_Wj1', 'qg_Wj2', 'm_Wj1Wj2_div_m_bWj1Wj2', 'pT_Wj1Wj2', 'dR_Wj1Wj2', 'm_bWj1Wj2', 'dR_bW', 'm_bWj1', 'm_bWj2', 'mass_Wj1', 'pT_Wj2', 'mass_Wj2', 'pT_b', 'mass_b', 'kinFit_pT_b_o_pT_b', 'kinFit_pT_Wj2_o_pT_Wj2', 'nllKinFit']
('Date: ', 'Thu Sep 27 06:06:46 2018')
data loaded
('Date: ', 'Thu Sep 27 06:07:07 2018')
('nev sig', 1434055, ' nev total ', 2475686)
('len sig/BKG : ', 1772517, 33399448)
(8, 'Doing more branches: ', 'Thu Sep 27 06:07:22 2018')
(8, 'read one file: ', '/hdfs/local/acaan/ttHAnalysis/2017/HTT_wBoost_2018Sep13/histograms/hadTopTagger/TTToHadronic/TTToHadronic_5.root')
(8, 'Throw away BKG: ', 'Thu Sep 27 06:07:22 2018')
0.96
Thu Sep 27 06:07:22 2018
(8, 'len sig/BKG after reduction: ', 1772517, 1335978)
('Date: ', 'Thu Sep 27 06:08:18 2018')
Total
('total_evt', 6447699)
('total_sig_evt', 3342229)
('total_bkg_entries', 127270352)
('total_sig_entries', 4032159)
('total_bkg_entries_reduced', 5090815)
length of sig, bkg without NaN:  1335978 1772517
('Date: ', 'Thu Sep 27 06:08:19 2018', 'balance datasets')
('sum weights sig/BKG', 499999.9999855454, 500000.00000536966)
('len sig (gen pt > 200)', 122381)
('len sig/BKG (fattag)', 0, 3108495)
('len sig/BKG (target)', 1772517, 1335978)
('sum weights sig/BKG', 499999.9999855454, 500000.00000536966)
('HadTopTagger_2017_final_nomasscut/cat_3_nvar_20_ak12_signal_corr_sel_8.pdf', 'saved')
('HadTopTagger_2017_final_nomasscut/cat_3_nvar_20_ak12_BKG_corr_sel_8.pdf', 'saved')
['btagDisc_b', 'btagDisc_Wj1', 'btagDisc_Wj2', 'qg_Wj1', 'qg_Wj2', 'm_Wj1Wj2_div_m_bWj1Wj2', 'pT_Wj1Wj2', 'dR_Wj1Wj2', 'm_bWj1Wj2', 'dR_bW', 'm_bWj1', 'm_bWj2', 'mass_Wj1', 'pT_Wj2', 'mass_Wj2', 'pT_b', 'mass_b', 'kinFit_pT_b_o_pT_b', 'kinFit_pT_Wj2_o_pT_Wj2', 'nllKinFit']
('opt being saved on ', 'HadTopTagger_2017_final_nomasscut/btagHighest_ntrees_2500_deph_4_lr_0o010_20_sel_8_cat_3_roc.log')
['btagDisc_b', 'btagDisc_Wj1', 'btagDisc_Wj2', 'qg_Wj1', 'qg_Wj2', 'm_Wj1Wj2_div_m_bWj1Wj2', 'pT_Wj1Wj2', 'dR_Wj1Wj2', 'm_bWj1Wj2', 'dR_bW', 'm_bWj1', 'm_bWj2', 'mass_Wj1', 'pT_Wj2', 'mass_Wj2', 'pT_b', 'mass_b', 'kinFit_pT_b_o_pT_b', 'kinFit_pT_Wj2_o_pT_Wj2', 'nllKinFit']
XGBoost trained
[[ 0.99267578  0.01669312  0.00842285 ...,  2.22673631  0.96716475
   2.14956403]
 [ 0.73339844  0.02467346  0.33911133 ...,  1.0824188   0.72300547
   1.69372022]
 [ 0.12866211  0.05963135  0.0259552  ...,  1.07390237  1.01728952
   0.29819071]
 ..., 
 [ 0.87255859 -2.          0.11895752 ...,  1.11351573  0.85503685
   0.60444707]
 [ 0.76708984  0.02648926  0.00901031 ...,  1.36301494  1.20681107
   0.84869057]
 [ 0.82373047  0.0668335  -2.         ...,  1.03639746  2.04295468
   2.59524918]]
XGBoost train set auc - 0.914123800419
XGBoost test set auc - 0.910460639326
nvar = 20
('Date: ', 'Thu Sep 27 07:16:28 2018')
('Output pkl ', 'Thu Sep 27 07:16:28 2018')
saved HadTopTagger_2017_final_nomasscut/HTT_HadTopTagger_2017_final_nomasscut_XGB_ntrees_2500_deph_4_lr_0o010_btagHighest_nvar20_cat_3_withKinFit.pkl
starting xml conversion
