('Date: ', 'Thu Sep 27 05:19:51 2018')
(0, 3)
(1, 3)
(2, 3)
(3, 3)
(4, 3)
(5, 3)
(6, 3)
(7, 3)
typeTop == 3 && passJetSel && bjet_tag_position <= 3
['btagDisc_b', 'btagDisc_Wj1', 'btagDisc_Wj2', 'qg_Wj1', 'qg_Wj2', 'm_Wj1Wj2_div_m_bWj1Wj2', 'pT_Wj1Wj2', 'dR_Wj1Wj2', 'm_bWj1Wj2', 'dR_bW', 'm_bWj1', 'm_bWj2', 'mass_Wj1', 'pT_Wj2', 'mass_Wj2', 'pT_b', 'mass_b']
('Date: ', 'Thu Sep 27 05:32:20 2018')
data loaded
('Date: ', 'Thu Sep 27 05:32:58 2018')
('nev sig', 1001807, ' nev total ', 2001316)
('len sig/BKG : ', 1190393, 72498464)
(7, 'Doing more branches: ', 'Thu Sep 27 05:33:30 2018')
(7, 'read one file: ', '/hdfs/local/acaan/ttHAnalysis/2017/HTT_wBoost_2018Sep13/histograms/hadTopTagger/TTZJets_LO/TTZJets_LO_1.root')
(7, 'Throw away BKG: ', 'Thu Sep 27 05:33:30 2018')
0.96
Thu Sep 27 05:33:30 2018
(7, 'len sig/BKG after reduction: ', 1190393, 2899939)
['btagDisc_b', 'btagDisc_Wj1', 'btagDisc_Wj2', 'qg_Wj1', 'qg_Wj2', 'm_Wj1Wj2_div_m_bWj1Wj2', 'pT_Wj1Wj2', 'dR_Wj1Wj2', 'm_bWj1Wj2', 'dR_bW', 'm_bWj1', 'm_bWj2', 'mass_Wj1', 'pT_Wj2', 'mass_Wj2', 'pT_b', 'mass_b']
('Date: ', 'Thu Sep 27 05:51:04 2018')
data loaded
('Date: ', 'Thu Sep 27 05:52:02 2018')
('nev sig', 1061993, ' nev total ', 2040224)
('len sig/BKG : ', 1285284, 95145033)
(7, 'Doing more branches: ', 'Thu Sep 27 05:52:45 2018')
(7, 'read one file: ', '/hdfs/local/acaan/ttHAnalysis/2017/HTT_wBoost_2018Sep13/histograms/hadTopTagger/ttHToNonbb_M125_powheg/ttHToNonbb_M125_powheg_1.root')
(7, 'Throw away BKG: ', 'Thu Sep 27 05:52:46 2018')
0.96
Thu Sep 27 05:52:46 2018
(7, 'len sig/BKG after reduction: ', 1285284, 3805802)
['btagDisc_b', 'btagDisc_Wj1', 'btagDisc_Wj2', 'qg_Wj1', 'qg_Wj2', 'm_Wj1Wj2_div_m_bWj1Wj2', 'pT_Wj1Wj2', 'dR_Wj1Wj2', 'm_bWj1Wj2', 'dR_bW', 'm_bWj1', 'm_bWj2', 'mass_Wj1', 'pT_Wj2', 'mass_Wj2', 'pT_b', 'mass_b']
('Date: ', 'Thu Sep 27 06:06:47 2018')
data loaded
('Date: ', 'Thu Sep 27 06:07:32 2018')
('nev sig', 1538438, ' nev total ', 2547540)
('len sig/BKG : ', 1936363, 66487367)
(7, 'Doing more branches: ', 'Thu Sep 27 06:08:06 2018')
(7, 'read one file: ', '/hdfs/local/acaan/ttHAnalysis/2017/HTT_wBoost_2018Sep13/histograms/hadTopTagger/TTToHadronic/TTToHadronic_5.root')
(7, 'Throw away BKG: ', 'Thu Sep 27 06:08:07 2018')
0.96
Thu Sep 27 06:08:07 2018
(7, 'len sig/BKG after reduction: ', 1936363, 2659495)
('Date: ', 'Thu Sep 27 06:10:17 2018')
Total
('total_evt', 6589080)
('total_sig_evt', 3602238)
('total_bkg_entries', 234130864)
('total_sig_entries', 4412040)
('total_bkg_entries_reduced', 9365236)
length of sig, bkg without NaN:  2659495 1936363
('Date: ', 'Thu Sep 27 06:10:18 2018', 'balance datasets')
('sum weights sig/BKG', 500000.0000119695, 499999.99997719383)
('len sig (gen pt > 200)', 129922)
('len sig/BKG (fattag)', 0, 4595858)
('len sig/BKG (target)', 1936363, 2659495)
('sum weights sig/BKG', 500000.0000119695, 499999.99997719383)
('HadTopTagger_2017_final_nomasscut/cat_3_nvar_17_ak12_signal_corr_sel_7.pdf', 'saved')
('HadTopTagger_2017_final_nomasscut/cat_3_nvar_17_ak12_BKG_corr_sel_7.pdf', 'saved')
['btagDisc_b', 'btagDisc_Wj1', 'btagDisc_Wj2', 'qg_Wj1', 'qg_Wj2', 'm_Wj1Wj2_div_m_bWj1Wj2', 'pT_Wj1Wj2', 'dR_Wj1Wj2', 'm_bWj1Wj2', 'dR_bW', 'm_bWj1', 'm_bWj2', 'mass_Wj1', 'pT_Wj2', 'mass_Wj2', 'pT_b', 'mass_b']
('opt being saved on ', 'HadTopTagger_2017_final_nomasscut/btagSort3rd_ntrees_2500_deph_5_lr_0o03_17_sel_7_cat_3_roc.log')
['btagDisc_b', 'btagDisc_Wj1', 'btagDisc_Wj2', 'qg_Wj1', 'qg_Wj2', 'm_Wj1Wj2_div_m_bWj1Wj2', 'pT_Wj1Wj2', 'dR_Wj1Wj2', 'm_bWj1Wj2', 'dR_bW', 'm_bWj1', 'm_bWj2', 'mass_Wj1', 'pT_Wj2', 'mass_Wj2', 'pT_b', 'mass_b']
XGBoost trained
[[  9.60693359e-02   5.46386719e-01   1.49993896e-02 ...,   1.19130602e+01
    3.53151398e+01   9.30450249e+00]
 [  4.81689453e-01   9.98535156e-01   5.54504395e-02 ...,   1.01922712e+01
    3.09355564e+01   1.07672577e+01]
 [  7.78808594e-02   4.32617188e-01   9.79492188e-01 ...,   7.12660122e+00
    6.63164139e+01   1.12002430e+01]
 ..., 
 [  9.99023438e-01   3.29589844e-02   6.54296875e-02 ...,   6.04144335e+00
    8.09035721e+01   9.84242916e+00]
 [  9.83398438e-01   9.16015625e-01   6.47583008e-02 ...,   6.66979074e+00
    9.53943558e+01   9.92688084e+00]
 [  7.44140625e-01   7.29980469e-01   9.32617188e-02 ...,   3.11278772e+00
    3.03653812e+01   6.99587250e+00]]
XGBoost train set auc - 0.937635612798
XGBoost test set auc - 0.935501850475
nvar = 17
('Date: ', 'Thu Sep 27 07:56:15 2018')
('Output pkl ', 'Thu Sep 27 07:56:15 2018')
saved HadTopTagger_2017_final_nomasscut/HTT_HadTopTagger_2017_final_nomasscut_XGB_ntrees_2500_deph_5_lr_0o03_btagSort3rd_nvar17_cat_3.pkl
starting xml conversion
(8, 3)
