('Date: ', 'Thu Sep 27 21:08:46 2018')
(0, 1)
(1, 1)
typeTop == 1 && passJetSel 
['tau32Top', 'btagDisc_b', 'm_Wj1Wj2_div_m_bWj1Wj2', 'pT_Wj1Wj2', 'dR_Wj1Wj2', 'm_bWj1Wj2', 'pT_bWj1Wj2', 'm_bWj2', 'mass_Wj1', 'pT_Wj2', 'mass_Wj2', 'pT_b', 'mass_b']
('Date: ', 'Thu Sep 27 21:22:01 2018')
data loaded
('Date: ', 'Thu Sep 27 21:22:01 2018')
('nev sig', 161479, ' nev total ', 516017)
('len sig/BKG : ', 169069, 441244)
(1, 'Doing more branches: ', 'Thu Sep 27 21:22:01 2018')
(1, 'read one file: ', '/hdfs/local/acaan/ttHAnalysis/2017/HTT_wBoost_2018Sep13/histograms/hadTopTagger/TTZJets_LO/TTZJets_LO_1.root')
(1, 'Throw away BKG: ', 'Thu Sep 27 21:22:01 2018')
0.5
Thu Sep 27 21:22:01 2018
(1, 'len sig/BKG after reduction: ', 169069, 220622)
['tau32Top', 'btagDisc_b', 'm_Wj1Wj2_div_m_bWj1Wj2', 'pT_Wj1Wj2', 'dR_Wj1Wj2', 'm_bWj1Wj2', 'pT_bWj1Wj2', 'm_bWj2', 'mass_Wj1', 'pT_Wj2', 'mass_Wj2', 'pT_b', 'mass_b']
('Date: ', 'Thu Sep 27 21:39:55 2018')
data loaded
('Date: ', 'Thu Sep 27 21:39:56 2018')
('nev sig', 162808, ' nev total ', 642950)
('len sig/BKG : ', 169047, 624628)
(1, 'Doing more branches: ', 'Thu Sep 27 21:39:56 2018')
(1, 'read one file: ', '/hdfs/local/acaan/ttHAnalysis/2017/HTT_wBoost_2018Sep13/histograms/hadTopTagger/ttHToNonbb_M125_powheg/ttHToNonbb_M125_powheg_1.root')
(1, 'Throw away BKG: ', 'Thu Sep 27 21:39:56 2018')
0.5
Thu Sep 27 21:39:56 2018
(1, 'len sig/BKG after reduction: ', 169047, 312314)
['tau32Top', 'btagDisc_b', 'm_Wj1Wj2_div_m_bWj1Wj2', 'pT_Wj1Wj2', 'dR_Wj1Wj2', 'm_bWj1Wj2', 'pT_bWj1Wj2', 'm_bWj2', 'mass_Wj1', 'pT_Wj2', 'mass_Wj2', 'pT_b', 'mass_b']
('Date: ', 'Thu Sep 27 21:58:43 2018')
data loaded
('Date: ', 'Thu Sep 27 21:58:43 2018')
('nev sig', 119385, ' nev total ', 285757)
('len sig/BKG : ', 130594, 209803)
(1, 'Doing more branches: ', 'Thu Sep 27 21:58:44 2018')
(1, 'read one file: ', '/hdfs/local/acaan/ttHAnalysis/2017/HTT_wBoost_2018Sep13/histograms/hadTopTagger/TTToHadronic/TTToHadronic_5.root')
(1, 'Throw away BKG: ', 'Thu Sep 27 21:58:44 2018')
0.5
Thu Sep 27 21:58:44 2018
(1, 'len sig/BKG after reduction: ', 130594, 104902)
('Date: ', 'Thu Sep 27 21:58:45 2018')
Total
('total_evt', 1444724)
('total_sig_evt', 443672)
('total_bkg_entries', 1275675)
('total_sig_entries', 468710)
('total_bkg_entries_reduced', 637838)
length of sig, bkg without NaN:  104902 130594
('Date: ', 'Thu Sep 27 21:58:45 2018', 'balance datasets')
('sum weights sig/BKG', 500000.0000017383, 500000.00000111136)
('len sig (gen pt > 200)', 128479)
('len sig/BKG (fattag)', 225309, 10187)
('len sig/BKG (target)', 130594, 104902)
('sum weights sig/BKG', 500000.0000017383, 500000.00000111136)
('HadTopTagger_2017_final_nomasscut/cat_1_nvar_13_ak12_signal_corr_sel_1.pdf', 'saved')
('HadTopTagger_2017_final_nomasscut/cat_1_nvar_13_ak12_BKG_corr_sel_1.pdf', 'saved')
['tau32Top', 'btagDisc_b', 'm_Wj1Wj2_div_m_bWj1Wj2', 'pT_Wj1Wj2', 'dR_Wj1Wj2', 'm_bWj1Wj2', 'pT_bWj1Wj2', 'm_bWj2', 'mass_Wj1', 'pT_Wj2', 'mass_Wj2', 'pT_b', 'mass_b']
('opt being saved on ', 'HadTopTagger_2017_final_nomasscut/btagHighest_ntrees_2500_deph_4_lr_0o03_13_sel_1_cat_1_roc.log')
['tau32Top', 'btagDisc_b', 'm_Wj1Wj2_div_m_bWj1Wj2', 'pT_Wj1Wj2', 'dR_Wj1Wj2', 'm_bWj1Wj2', 'pT_bWj1Wj2', 'm_bWj2', 'mass_Wj1', 'pT_Wj2', 'mass_Wj2', 'pT_b', 'mass_b']
XGBoost trained
[[   0.65471596    0.99511719    0.46970543 ...,    8.4296875   205.11303711
    20.09375   ]
 [   0.65083802    0.87695312    0.36007035 ...,    6.6484375    57.3822403
    11.09375   ]
 [   0.74013776    0.92578125    0.4914673  ...,    3.59570312
   138.67448425   17.96875   ]
 ..., 
 [   0.72091061    0.94482422    0.33177951 ...,   16.3125      170.85261536
    16.578125  ]
 [   0.68008327    0.96484375    0.48951599 ...,    3.40625      45.74785233
     3.26757812]
 [   0.6366995     0.80664062    0.49339688 ...,   14.90625      44.70822906
    13.40625   ]]
XGBoost train set auc - 0.923572907496
XGBoost test set auc - 0.909439214172
nvar = 13
('Date: ', 'Thu Sep 27 22:21:27 2018')
('Output pkl ', 'Thu Sep 27 22:21:27 2018')
saved HadTopTagger_2017_final_nomasscut/HTT_HadTopTagger_2017_final_nomasscut_XGB_ntrees_2500_deph_4_lr_0o03_btagHighest_nvar13_cat_1.pkl
starting xml conversion
(2, 1)
(3, 1)
(4, 1)
(5, 1)
(6, 1)
(7, 1)
(8, 1)
(9, 1)
